This is XeTeX, Version 3.141592653-2.6-0.999997 (TeX Live 2025) (preloaded format=xelatex 2026.2.26)  27 FEB 2026 17:27
entering extended mode
 restricted \write18 enabled.
 %&-line parsing enabled.
**IAQF_column_Final.tex
(./IAQF_column_Final.tex
LaTeX2e <2024-11-01> patch level 2
L3 programming layer <2025-01-18>
(/usr/local/texlive/2025/texmf-dist/tex/latex/base/article.cls
Document Class: article 2024/06/29 v1.4n Standard LaTeX document class
(/usr/local/texlive/2025/texmf-dist/tex/latex/base/size12.clo
File: size12.clo 2024/06/29 v1.4n Standard LaTeX file (size option)
)
\c@part=\count192
\c@section=\count193
\c@subsection=\count194
\c@subsubsection=\count195
\c@paragraph=\count196
\c@subparagraph=\count197
\c@figure=\count198
\c@table=\count199
\abovecaptionskip=\skip49
\belowcaptionskip=\skip50
\bibindent=\dimen141
)
(/usr/local/texlive/2025/texmf-dist/tex/generic/iftex/iftex.sty
Package: iftex 2024/12/12 v1.0g TeX engine tests
)
(/usr/local/texlive/2025/texmf-dist/tex/latex/fontspec/fontspec.sty
(/usr/local/texlive/2025/texmf-dist/tex/latex/l3packages/xparse/xparse.sty
(/usr/local/texlive/2025/texmf-dist/tex/latex/l3kernel/expl3.sty
Package: expl3 2025-01-18 L3 programming layer (loader) 

(/usr/local/texlive/2025/texmf-dist/tex/latex/l3backend/l3backend-xetex.def
File: l3backend-xetex.def 2024-05-08 L3 backend support: XeTeX
\g__graphics_track_int=\count266
\l__pdf_internal_box=\box52
\g__pdf_backend_annotation_int=\count267
\g__pdf_backend_link_int=\count268
))
Package: xparse 2024-08-16 L3 Experimental document command parser
)
Package: fontspec 2024/05/11 v2.9e Font selection for XeLaTeX and LuaLaTeX

(/usr/local/texlive/2025/texmf-dist/tex/latex/fontspec/fontspec-xetex.sty
Package: fontspec-xetex 2024/05/11 v2.9e Font selection for XeLaTeX and LuaLaTe
X
\l__fontspec_script_int=\count269
\l__fontspec_language_int=\count270
\l__fontspec_strnum_int=\count271
\l__fontspec_tmp_int=\count272
\l__fontspec_tmpa_int=\count273
\l__fontspec_tmpb_int=\count274
\l__fontspec_tmpc_int=\count275
\l__fontspec_em_int=\count276
\l__fontspec_emdef_int=\count277
\l__fontspec_strong_int=\count278
\l__fontspec_strongdef_int=\count279
\l__fontspec_tmpa_dim=\dimen142
\l__fontspec_tmpb_dim=\dimen143
\l__fontspec_tmpc_dim=\dimen144

(/usr/local/texlive/2025/texmf-dist/tex/latex/base/fontenc.sty
Package: fontenc 2021/04/29 v2.0v Standard LaTeX package
)
(/usr/local/texlive/2025/texmf-dist/tex/latex/fontspec/fontspec.cfg)))

Package fontspec Info: 
(fontspec)             Font family 'TimesNewRoman(0)' created for font 'Times
(fontspec)             New Roman' with options [Ligatures=TeX,Ligatures=TeX].
(fontspec)              
(fontspec)              This font family consists of the following NFSS
(fontspec)             series/shapes:
(fontspec)              
(fontspec)             - 'normal' (m/n) with NFSS spec.: <->"Times New
(fontspec)             Roman/OT:script=latn;language=dflt;mapping=tex-text;"
(fontspec)             - 'bold' (b/n) with NFSS spec.: <->"Times New
(fontspec)             Roman/B/OT:script=latn;language=dflt;mapping=tex-text;"
(fontspec)             - 'italic' (m/it) with NFSS spec.: <->"Times New
(fontspec)             Roman/I/OT:script=latn;language=dflt;mapping=tex-text;"
(fontspec)             - 'bold italic' (b/it) with NFSS spec.: <->"Times New
(fontspec)             Roman/BI/OT:script=latn;language=dflt;mapping=tex-text;"



(/usr/local/texlive/2025/texmf-dist/tex/latex/geometry/geometry.sty
Package: geometry 2020/01/02 v5.9 Page Geometry

(/usr/local/texlive/2025/texmf-dist/tex/latex/graphics/keyval.sty
Package: keyval 2022/05/29 v1.15 key=value parser (DPC)
\KV@toks@=\toks17
)
(/usr/local/texlive/2025/texmf-dist/tex/generic/iftex/ifvtex.sty
Package: ifvtex 2019/10/25 v1.7 ifvtex legacy package. Use iftex instead.
)
\Gm@cnth=\count280
\Gm@cntv=\count281
\c@Gm@tempcnt=\count282
\Gm@bindingoffset=\dimen145
\Gm@wd@mp=\dimen146
\Gm@odd@mp=\dimen147
\Gm@even@mp=\dimen148
\Gm@layoutwidth=\dimen149
\Gm@layoutheight=\dimen150
\Gm@layouthoffset=\dimen151
\Gm@layoutvoffset=\dimen152
\Gm@dimlist=\toks18
)
(/usr/local/texlive/2025/texmf-dist/tex/latex/amsmath/amsmath.sty
Package: amsmath 2024/11/05 v2.17t AMS math features
\@mathmargin=\skip51

For additional information on amsmath, use the `?' option.
(/usr/local/texlive/2025/texmf-dist/tex/latex/amsmath/amstext.sty
Package: amstext 2021/08/26 v2.01 AMS text

(/usr/local/texlive/2025/texmf-dist/tex/latex/amsmath/amsgen.sty
File: amsgen.sty 1999/11/30 v2.0 generic functions
\@emptytoks=\toks19
\ex@=\dimen153
))
(/usr/local/texlive/2025/texmf-dist/tex/latex/amsmath/amsbsy.sty
Package: amsbsy 1999/11/29 v1.2d Bold Symbols
\pmbraise@=\dimen154
)
(/usr/local/texlive/2025/texmf-dist/tex/latex/amsmath/amsopn.sty
Package: amsopn 2022/04/08 v2.04 operator names
)
\inf@bad=\count283
LaTeX Info: Redefining \frac on input line 233.
\uproot@=\count284
\leftroot@=\count285
LaTeX Info: Redefining \overline on input line 398.
LaTeX Info: Redefining \colon on input line 409.
\classnum@=\count286
\DOTSCASE@=\count287
LaTeX Info: Redefining \ldots on input line 495.
LaTeX Info: Redefining \dots on input line 498.
LaTeX Info: Redefining \cdots on input line 619.
\Mathstrutbox@=\box53
\strutbox@=\box54
LaTeX Info: Redefining \big on input line 721.
LaTeX Info: Redefining \Big on input line 722.
LaTeX Info: Redefining \bigg on input line 723.
LaTeX Info: Redefining \Bigg on input line 724.
\big@size=\dimen155
LaTeX Font Info:    Redeclaring font encoding OML on input line 742.
LaTeX Font Info:    Redeclaring font encoding OMS on input line 743.
\macc@depth=\count288
LaTeX Info: Redefining \bmod on input line 904.
LaTeX Info: Redefining \pmod on input line 909.
LaTeX Info: Redefining \smash on input line 939.
LaTeX Info: Redefining \relbar on input line 969.
LaTeX Info: Redefining \Relbar on input line 970.
\c@MaxMatrixCols=\count289
\dotsspace@=\muskip17
\c@parentequation=\count290
\dspbrk@lvl=\count291
\tag@help=\toks20
\row@=\count292
\column@=\count293
\maxfields@=\count294
\andhelp@=\toks21
\eqnshift@=\dimen156
\alignsep@=\dimen157
\tagshift@=\dimen158
\tagwidth@=\dimen159
\totwidth@=\dimen160
\lineht@=\dimen161
\@envbody=\toks22
\multlinegap=\skip52
\multlinetaggap=\skip53
\mathdisplay@stack=\toks23
LaTeX Info: Redefining \[ on input line 2953.
LaTeX Info: Redefining \] on input line 2954.
)
(/usr/local/texlive/2025/texmf-dist/tex/latex/amsfonts/amssymb.sty
Package: amssymb 2013/01/14 v3.01 AMS font symbols

(/usr/local/texlive/2025/texmf-dist/tex/latex/amsfonts/amsfonts.sty
Package: amsfonts 2013/01/14 v3.01 Basic AMSFonts support
\symAMSa=\mathgroup4
\symAMSb=\mathgroup5
LaTeX Font Info:    Redeclaring math symbol \hbar on input line 98.
LaTeX Font Info:    Overwriting math alphabet `\mathfrak' in version `bold'
(Font)                  U/euf/m/n --> U/euf/b/n on input line 106.
))
(/usr/local/texlive/2025/texmf-dist/tex/latex/booktabs/booktabs.sty
Package: booktabs 2020/01/12 v1.61803398 Publication quality tables
\heavyrulewidth=\dimen162
\lightrulewidth=\dimen163
\cmidrulewidth=\dimen164
\belowrulesep=\dimen165
\belowbottomsep=\dimen166
\aboverulesep=\dimen167
\abovetopsep=\dimen168
\cmidrulesep=\dimen169
\cmidrulekern=\dimen170
\defaultaddspace=\dimen171
\@cmidla=\count295
\@cmidlb=\count296
\@aboverulesep=\dimen172
\@belowrulesep=\dimen173
\@thisruleclass=\count297
\@lastruleclass=\count298
\@thisrulewidth=\dimen174
)
(/usr/local/texlive/2025/texmf-dist/tex/latex/hyperref/hyperref.sty
Package: hyperref 2024-11-05 v7.01l Hypertext links for LaTeX

(/usr/local/texlive/2025/texmf-dist/tex/latex/kvsetkeys/kvsetkeys.sty
Package: kvsetkeys 2022-10-05 v1.19 Key value parser (HO)
)
(/usr/local/texlive/2025/texmf-dist/tex/generic/kvdefinekeys/kvdefinekeys.sty
Package: kvdefinekeys 2019-12-19 v1.6 Define keys (HO)
)
(/usr/local/texlive/2025/texmf-dist/tex/generic/pdfescape/pdfescape.sty
Package: pdfescape 2019/12/09 v1.15 Implements pdfTeX's escape features (HO)

(/usr/local/texlive/2025/texmf-dist/tex/generic/ltxcmds/ltxcmds.sty
Package: ltxcmds 2023-12-04 v1.26 LaTeX kernel commands for general use (HO)
)
(/usr/local/texlive/2025/texmf-dist/tex/generic/pdftexcmds/pdftexcmds.sty
Package: pdftexcmds 2020-06-27 v0.33 Utility functions of pdfTeX for LuaTeX (HO
)

(/usr/local/texlive/2025/texmf-dist/tex/generic/infwarerr/infwarerr.sty
Package: infwarerr 2019/12/03 v1.5 Providing info/warning/error messages (HO)
)
Package pdftexcmds Info: \pdf@primitive is available.
Package pdftexcmds Info: \pdf@ifprimitive is available.
Package pdftexcmds Info: \pdfdraftmode not found.
))
(/usr/local/texlive/2025/texmf-dist/tex/latex/hycolor/hycolor.sty
Package: hycolor 2020-01-27 v1.10 Color options for hyperref/bookmark (HO)
)
(/usr/local/texlive/2025/texmf-dist/tex/latex/hyperref/nameref.sty
Package: nameref 2023-11-26 v2.56 Cross-referencing by name of section

(/usr/local/texlive/2025/texmf-dist/tex/latex/refcount/refcount.sty
Package: refcount 2019/12/15 v3.6 Data extraction from label references (HO)
)
(/usr/local/texlive/2025/texmf-dist/tex/generic/gettitlestring/gettitlestring.s
ty
Package: gettitlestring 2019/12/15 v1.6 Cleanup title references (HO)
 (/usr/local/texlive/2025/texmf-dist/tex/latex/kvoptions/kvoptions.sty
Package: kvoptions 2022-06-15 v3.15 Key value format for package options (HO)
))
\c@section@level=\count299
)
(/usr/local/texlive/2025/texmf-dist/tex/latex/etoolbox/etoolbox.sty
Package: etoolbox 2025/02/11 v2.5l e-TeX tools for LaTeX (JAW)
\etb@tempcnta=\count300
)
(/usr/local/texlive/2025/texmf-dist/tex/generic/stringenc/stringenc.sty
Package: stringenc 2019/11/29 v1.12 Convert strings between diff. encodings (HO
)
)
\@linkdim=\dimen175
\Hy@linkcounter=\count301
\Hy@pagecounter=\count302

(/usr/local/texlive/2025/texmf-dist/tex/latex/hyperref/pd1enc.def
File: pd1enc.def 2024-11-05 v7.01l Hyperref: PDFDocEncoding definition (HO)
)
(/usr/local/texlive/2025/texmf-dist/tex/generic/intcalc/intcalc.sty
Package: intcalc 2019/12/15 v1.3 Expandable calculations with integers (HO)
)
\Hy@SavedSpaceFactor=\count303

(/usr/local/texlive/2025/texmf-dist/tex/latex/hyperref/puenc.def
File: puenc.def 2024-11-05 v7.01l Hyperref: PDF Unicode definition (HO)
)
Package hyperref Info: Option `hypertexnames' set `false' on input line 4040.
Package hyperref Info: Hyper figures OFF on input line 4157.
Package hyperref Info: Link nesting OFF on input line 4162.
Package hyperref Info: Hyper index ON on input line 4165.
Package hyperref Info: Plain pages OFF on input line 4172.
Package hyperref Info: Backreferencing OFF on input line 4177.
Package hyperref Info: Implicit mode ON; LaTeX internals redefined.
Package hyperref Info: Bookmarks ON on input line 4424.
\c@Hy@tempcnt=\count304

(/usr/local/texlive/2025/texmf-dist/tex/latex/url/url.sty
\Urlmuskip=\muskip18
Package: url 2013/09/16  ver 3.4  Verb mode for urls, etc.
)
LaTeX Info: Redefining \url on input line 4763.
\XeTeXLinkMargin=\dimen176

(/usr/local/texlive/2025/texmf-dist/tex/generic/bitset/bitset.sty
Package: bitset 2019/12/09 v1.3 Handle bit-vector datatype (HO)

(/usr/local/texlive/2025/texmf-dist/tex/generic/bigintcalc/bigintcalc.sty
Package: bigintcalc 2019/12/15 v1.5 Expandable calculations on big integers (HO
)
))
\Fld@menulength=\count305
\Field@Width=\dimen177
\Fld@charsize=\dimen178
Package hyperref Info: Hyper figures OFF on input line 6042.
Package hyperref Info: Link nesting OFF on input line 6047.
Package hyperref Info: Hyper index ON on input line 6050.
Package hyperref Info: backreferencing OFF on input line 6057.
Package hyperref Info: Link coloring OFF on input line 6062.
Package hyperref Info: Link coloring with OCG OFF on input line 6067.
Package hyperref Info: PDF/A mode OFF on input line 6072.

(/usr/local/texlive/2025/texmf-dist/tex/latex/base/atbegshi-ltx.sty
Package: atbegshi-ltx 2021/01/10 v1.0c Emulation of the original atbegshi
package with kernel methods
)
\Hy@abspage=\count306
\c@Item=\count307
\c@Hfootnote=\count308
)
Package hyperref Info: Driver (autodetected): hxetex.

(/usr/local/texlive/2025/texmf-dist/tex/latex/hyperref/hxetex.def
File: hxetex.def 2024-11-05 v7.01l Hyperref driver for XeTeX
\pdfm@box=\box55
\c@Hy@AnnotLevel=\count309
\HyField@AnnotCount=\count310
\Fld@listcount=\count311
\c@bookmark@seq@number=\count312

(/usr/local/texlive/2025/texmf-dist/tex/latex/rerunfilecheck/rerunfilecheck.sty
Package: rerunfilecheck 2022-07-10 v1.10 Rerun checks for auxiliary files (HO)
(/usr/local/texlive/2025/texmf-dist/tex/latex/base/atveryend-ltx.sty
Package: atveryend-ltx 2020/08/19 v1.0a Emulation of the original atveryend pac
kage
with kernel methods
)
(/usr/local/texlive/2025/texmf-dist/tex/generic/uniquecounter/uniquecounter.sty
Package: uniquecounter 2019/12/15 v1.4 Provide unlimited unique counter (HO)
)
Package uniquecounter Info: New unique counter `rerunfilecheck' on input line 2
85.
)
\Hy@SectionHShift=\skip54
) (/usr/local/texlive/2025/texmf-dist/tex/latex/setspace/setspace.sty
Package: setspace 2022/12/04 v6.7b set line spacing
)
(/usr/local/texlive/2025/texmf-dist/tex/latex/graphics/graphicx.sty
Package: graphicx 2021/09/16 v1.2d Enhanced LaTeX Graphics (DPC,SPQR)

(/usr/local/texlive/2025/texmf-dist/tex/latex/graphics/graphics.sty
Package: graphics 2024/08/06 v1.4g Standard LaTeX Graphics (DPC,SPQR)

(/usr/local/texlive/2025/texmf-dist/tex/latex/graphics/trig.sty
Package: trig 2023/12/02 v1.11 sin cos tan (DPC)
)
(/usr/local/texlive/2025/texmf-dist/tex/latex/graphics-cfg/graphics.cfg
File: graphics.cfg 2016/06/04 v1.11 sample graphics configuration
)
Package graphics Info: Driver file: xetex.def on input line 106.

(/usr/local/texlive/2025/texmf-dist/tex/latex/graphics-def/xetex.def
File: xetex.def 2022/09/22 v5.0n Graphics/color driver for xetex
))
\Gin@req@height=\dimen179
\Gin@req@width=\dimen180
)
(/usr/local/texlive/2025/texmf-dist/tex/latex/float/float.sty
Package: float 2001/11/08 v1.3d Float enhancements (AL)
\c@float@type=\count313
\float@exts=\toks24
\float@box=\box56
\@float@everytoks=\toks25
\@floatcapt=\box57
)
(/usr/local/texlive/2025/texmf-dist/tex/latex/sttools/stfloats.sty
Package: stfloats 2017/03/27 v3.3 Improve float mechanism and baselineskip sett
ings
\@dblbotnum=\count314
\c@dblbotnumber=\count315
)
(/usr/local/texlive/2025/texmf-dist/tex/latex/multirow/multirow.sty
Package: multirow 2024/11/12 v2.9 Span multiple rows of a table
\multirow@colwidth=\skip55
\multirow@cntb=\count316
\multirow@dima=\skip56
\bigstrutjot=\dimen181
)
(/usr/local/texlive/2025/texmf-dist/tex/latex/titlesec/titlesec.sty
Package: titlesec 2025/01/04 v2.17 Sectioning titles
\ttl@box=\box58
\beforetitleunit=\skip57
\aftertitleunit=\skip58
\ttl@plus=\dimen182
\ttl@minus=\dimen183
\ttl@toksa=\toks26
\titlewidth=\dimen184
\titlewidthlast=\dimen185
\titlewidthfirst=\dimen186
)
(/usr/local/texlive/2025/texmf-dist/tex/latex/tools/array.sty
Package: array 2024/10/17 v2.6g Tabular extension package (FMi)
\col@sep=\dimen187
\ar@mcellbox=\box59
\extrarowheight=\dimen188
\NC@list=\toks27
\extratabsurround=\skip59
\backup@length=\skip60
\ar@cellbox=\box60
)
(/usr/local/texlive/2025/texmf-dist/tex/latex/tools/tabularx.sty
Package: tabularx 2023/12/11 v2.12a `tabularx' package (DPC)
\TX@col@width=\dimen189
\TX@old@table=\dimen190
\TX@old@col=\dimen191
\TX@target=\dimen192
\TX@delta=\dimen193
\TX@cols=\count317
\TX@ftn=\toks28
)
(./IAQF_column_Final.aux)
\openout1 = `IAQF_column_Final.aux'.

LaTeX Font Info:    Checking defaults for OML/cmm/m/it on input line 52.
LaTeX Font Info:    ... okay on input line 52.
LaTeX Font Info:    Checking defaults for OMS/cmsy/m/n on input line 52.
LaTeX Font Info:    ... okay on input line 52.
LaTeX Font Info:    Checking defaults for OT1/cmr/m/n on input line 52.
LaTeX Font Info:    ... okay on input line 52.
LaTeX Font Info:    Checking defaults for T1/cmr/m/n on input line 52.
LaTeX Font Info:    ... okay on input line 52.
LaTeX Font Info:    Checking defaults for TS1/cmr/m/n on input line 52.
LaTeX Font Info:    ... okay on input line 52.
LaTeX Font Info:    Checking defaults for TU/lmr/m/n on input line 52.
LaTeX Font Info:    ... okay on input line 52.
LaTeX Font Info:    Checking defaults for OMX/cmex/m/n on input line 52.
LaTeX Font Info:    ... okay on input line 52.
LaTeX Font Info:    Checking defaults for U/cmr/m/n on input line 52.
LaTeX Font Info:    ... okay on input line 52.
LaTeX Font Info:    Checking defaults for PD1/pdf/m/n on input line 52.
LaTeX Font Info:    ... okay on input line 52.
LaTeX Font Info:    Checking defaults for PU/pdf/m/n on input line 52.
LaTeX Font Info:    ... okay on input line 52.

Package fontspec Info: 
(fontspec)             Adjusting the maths setup (use [no-math] to avoid
(fontspec)             this).

\symlegacymaths=\mathgroup6
LaTeX Font Info:    Overwriting symbol font `legacymaths' in version `bold'
(Font)                  OT1/cmr/m/n --> OT1/cmr/bx/n on input line 52.
LaTeX Font Info:    Redeclaring math accent \acute on input line 52.
LaTeX Font Info:    Redeclaring math accent \grave on input line 52.
LaTeX Font Info:    Redeclaring math accent \ddot on input line 52.
LaTeX Font Info:    Redeclaring math accent \tilde on input line 52.
LaTeX Font Info:    Redeclaring math accent \bar on input line 52.
LaTeX Font Info:    Redeclaring math accent \breve on input line 52.
LaTeX Font Info:    Redeclaring math accent \check on input line 52.
LaTeX Font Info:    Redeclaring math accent \hat on input line 52.
LaTeX Font Info:    Redeclaring math accent \dot on input line 52.
LaTeX Font Info:    Redeclaring math accent \mathring on input line 52.
LaTeX Font Info:    Redeclaring math symbol \Gamma on input line 52.
LaTeX Font Info:    Redeclaring math symbol \Delta on input line 52.
LaTeX Font Info:    Redeclaring math symbol \Theta on input line 52.
LaTeX Font Info:    Redeclaring math symbol \Lambda on input line 52.
LaTeX Font Info:    Redeclaring math symbol \Xi on input line 52.
LaTeX Font Info:    Redeclaring math symbol \Pi on input line 52.
LaTeX Font Info:    Redeclaring math symbol \Sigma on input line 52.
LaTeX Font Info:    Redeclaring math symbol \Upsilon on input line 52.
LaTeX Font Info:    Redeclaring math symbol \Phi on input line 52.
LaTeX Font Info:    Redeclaring math symbol \Psi on input line 52.
LaTeX Font Info:    Redeclaring math symbol \Omega on input line 52.
LaTeX Font Info:    Redeclaring math symbol \mathdollar on input line 52.
LaTeX Font Info:    Redeclaring symbol font `operators' on input line 52.
LaTeX Font Info:    Encoding `OT1' has changed to `TU' for symbol font
(Font)              `operators' in the math version `normal' on input line 52.
LaTeX Font Info:    Overwriting symbol font `operators' in version `normal'
(Font)                  OT1/cmr/m/n --> TU/TimesNewRoman(0)/m/n on input line 5
2.
LaTeX Font Info:    Encoding `OT1' has changed to `TU' for symbol font
(Font)              `operators' in the math version `bold' on input line 52.
LaTeX Font Info:    Overwriting symbol font `operators' in version `bold'
(Font)                  OT1/cmr/bx/n --> TU/TimesNewRoman(0)/m/n on input line 
52.
LaTeX Font Info:    Overwriting symbol font `operators' in version `normal'
(Font)                  TU/TimesNewRoman(0)/m/n --> TU/TimesNewRoman(0)/m/n on 
input line 52.
LaTeX Font Info:    Overwriting math alphabet `\mathit' in version `normal'
(Font)                  OT1/cmr/m/it --> TU/TimesNewRoman(0)/m/it on input line
 52.
LaTeX Font Info:    Overwriting math alphabet `\mathbf' in version `normal'
(Font)                  OT1/cmr/bx/n --> TU/TimesNewRoman(0)/b/n on input line 
52.
LaTeX Font Info:    Overwriting math alphabet `\mathsf' in version `normal'
(Font)                  OT1/cmss/m/n --> TU/lmss/m/n on input line 52.
LaTeX Font Info:    Overwriting math alphabet `\mathtt' in version `normal'
(Font)                  OT1/cmtt/m/n --> TU/lmtt/m/n on input line 52.
LaTeX Font Info:    Overwriting symbol font `operators' in version `bold'
(Font)                  TU/TimesNewRoman(0)/m/n --> TU/TimesNewRoman(0)/b/n on 
input line 52.
LaTeX Font Info:    Overwriting math alphabet `\mathit' in version `bold'
(Font)                  OT1/cmr/bx/it --> TU/TimesNewRoman(0)/b/it on input lin
e 52.
LaTeX Font Info:    Overwriting math alphabet `\mathsf' in version `bold'
(Font)                  OT1/cmss/bx/n --> TU/lmss/b/n on input line 52.
LaTeX Font Info:    Overwriting math alphabet `\mathtt' in version `bold'
(Font)                  OT1/cmtt/m/n --> TU/lmtt/b/n on input line 52.

*geometry* driver: auto-detecting
*geometry* detected driver: xetex
*geometry* verbose mode - [ preamble ] result:
* driver: xetex
* paper: a4paper
* layout: <same size as paper>
* layoutoffset:(h,v)=(0.0pt,0.0pt)
* modes: 
* h-part:(L,W,R)=(46.97505pt, 503.55777pt, 46.97505pt)
* v-part:(T,H,B)=(50.58878pt, 743.8693pt, 50.58878pt)
* \paperwidth=597.50787pt
* \paperheight=845.04684pt
* \textwidth=503.55777pt
* \textheight=743.8693pt
* \oddsidemargin=-25.29494pt
* \evensidemargin=-25.29494pt
* \topmargin=-58.68121pt
* \headheight=12.0pt
* \headsep=25.0pt
* \topskip=12.0pt
* \footskip=30.0pt
* \marginparwidth=4.0pt
* \marginparsep=10.0pt
* \columnsep=18.0pt
* \skip\footins=10.8pt plus 4.0pt minus 2.0pt
* \hoffset=0.0pt
* \voffset=0.0pt
* \mag=1000
* \@twocolumntrue
* \@twosidefalse
* \@mparswitchfalse
* \@reversemarginfalse
* (1in=72.27pt=25.4mm, 1cm=28.453pt)

Package hyperref Info: Link coloring OFF on input line 52.
(./IAQF_column_Final.out) (./IAQF_column_Final.out)
\@outlinefile=\write3
\openout3 = `IAQF_column_Final.out'.

LaTeX Font Info:    Trying to load font information for U+msa on input line 67.


(/usr/local/texlive/2025/texmf-dist/tex/latex/amsfonts/umsa.fd
File: umsa.fd 2013/01/14 v3.01 AMS symbols A
)
LaTeX Font Info:    Trying to load font information for U+msb on input line 67.


(/usr/local/texlive/2025/texmf-dist/tex/latex/amsfonts/umsb.fd
File: umsb.fd 2013/01/14 v3.01 AMS symbols B
)
Underfull \hbox (badness 2158) in paragraph at lines 73--74
\TU/TimesNewRoman(0)/m/n/12 BTC trades at different nominal prices across
 []


Underfull \hbox (badness 2050) in paragraph at lines 73--74
\TU/TimesNewRoman(0)/m/n/12 quote currencies purely because of stablecoin-
 []


Underfull \hbox (badness 1342) in paragraph at lines 73--74
\TU/TimesNewRoman(0)/m/n/12 dispersion has focused on fiat-quoted arbitrage
 []


Underfull \hbox (badness 1325) in paragraph at lines 73--74
\TU/TimesNewRoman(0)/m/n/12 and market efficiency, while studies of stable-
 []


Underfull \hbox (badness 1072) in paragraph at lines 73--74
\TU/TimesNewRoman(0)/m/n/12 and market-cap dynamics. Less understood is
 []


Underfull \hbox (badness 1565) in paragraph at lines 73--74
\TU/TimesNewRoman(0)/m/n/12 uidity, and price discovery—the microstructure
 []

File: figures_col/fig_stablecoin_peg.png Graphic file (type bmp)
<figures_col/fig_stablecoin_peg.png>



Underfull \hbox (badness 1270) in paragraph at lines 84--85
\TU/TimesNewRoman(0)/m/n/12 firmed via moving-block bootstrap ($\OML/cmm/m/it/1
2 p[]\OT1/cmr/m/n/12 10[]$\TU/TimesNewRoman(0)/m/n/12 )—
 []


Underfull \hbox (badness 1769) in paragraph at lines 84--85
\TU/TimesNewRoman(0)/m/n/12 intensity model showing that peg stress trans-
 []


Underfull \vbox (badness 10000) has occurred while \output is active []



[1


]
Underfull \hbox (badness 10000) in paragraph at lines 94--95
\TU/TimesNewRoman(0)/m/n/12 (BTC/USDT, BTC/USDC; dominant USDT
 []


Underfull \hbox (badness 10000) in paragraph at lines 94--95
\TU/TimesNewRoman(0)/m/n/12 volume), Coinbase (BTC/USD, BTC/USDT,
 []


Underfull \hbox (badness 3657) in paragraph at lines 94--95
\TU/TimesNewRoman(0)/m/n/12 USDT/USD; primary U.S. fiat gateway), and
 []


Underfull \hbox (badness 7504) in paragraph at lines 94--95
\TU/TimesNewRoman(0)/m/n/12 Kraken (BTC/USD, BTC/USDT, BTC/USDC,
 []


Underfull \hbox (badness 4582) in paragraph at lines 94--95
\TU/TimesNewRoman(0)/m/n/12 USDT/USD, USDC/USD; broadest stablecoin-
 []


Underfull \hbox (badness 1635) in paragraph at lines 94--95
\TU/TimesNewRoman(0)/m/n/12 97% for most series, though pre-SVB Kraken
 []


Underfull \vbox (badness 10000) has occurred while \output is active []




Overfull \hbox (9.50157pt too wide) detected at line 123
[][][][] \OT1/cmr/m/n/12 = [] \OMS/cmsy/m/n/12 ^^B \OT1/cmr/m/n/12 10000\OML/cm
m/m/it/12 :
 []


Overfull \hbox (19.52463pt too wide) detected at line 136
[][][]\OML/cmm/m/it/10.95 B[] \OT1/cmr/m/n/10.95 =  []  \OMS/cmsy/m/n/10.95 ^^B
  \OT1/cmr/m/n/10.95 10000\OML/cmm/m/it/10.95 :
 []



[2]
Underfull \hbox (badness 2401) in paragraph at lines 150--152
\TU/TimesNewRoman(0)/m/n/12 where the \TU/TimesNewRoman(0)/m/it/12 contagion in
tensity $\OML/cmm/m/it/12 ^^U$ \TU/TimesNewRoman(0)/m/n/12 measures the
 []


Underfull \hbox (badness 1546) in paragraph at lines 150--152
\TU/TimesNewRoman(0)/m/n/12 transmission—via liquidity withdrawal, adverse
 []

File: figures_col/fig_dispersion_vs_adjusted_kraken.png Graphic file (type bmp)

<figures_col/fig_dispersion_vs_adjusted_kraken.png>

Underfull \vbox (badness 10000) has occurred while \output is active []




Underfull \vbox (badness 2285) has occurred while \output is active []



[3]
File: figures_col/fig_stablecoin_substitution_scatter.png Graphic file (type bm
p)
<figures_col/fig_stablecoin_substitution_scatter.png>

Underfull \hbox (badness 3503) in paragraph at lines 211--212
\TU/TimesNewRoman(0)/m/n/12 firm directional robustness [[]]: USDC crisis
 []


Underfull \hbox (badness 3646) in paragraph at lines 211--212
\OML/cmm/m/it/12 D[]$ \TU/TimesNewRoman(0)/m/n/12 95% CI $\OT1/cmr/m/n/12 [245\
OML/cmm/m/it/12 :\OT1/cmr/m/n/12 7\OML/cmm/m/it/12 ;  \OT1/cmr/m/n/12 394\OML/c
mm/m/it/12 :\OT1/cmr/m/n/12 3]$ \TU/TimesNewRoman(0)/m/n/12 bps; crisis $\OML/c
mm/m/it/12 B[]$ \TU/TimesNewRoman(0)/m/n/12 CI
 []



File: figures_col/fig_half_life_robustness.png Graphic file (type bmp)
<figures_col/fig_half_life_robustness.png>
File: figures_col/fig_two_layer_persistence.png Graphic file (type bmp)
<figures_col/fig_two_layer_persistence.png>

Underfull \hbox (badness 1394) in paragraph at lines 230--231
\TU/TimesNewRoman(0)/m/n/12 ADF $\OML/cmm/m/it/12 p[]\OT1/cmr/m/n/12 0\OML/cmm/
m/it/12 :\OT1/cmr/m/n/12 44$\TU/TimesNewRoman(0)/m/n/12 ); USDT peg deviations 
similarly
 []


Underfull \vbox (badness 10000) has occurred while \output is active []



[4]
Underfull \hbox (badness 1527) in paragraph at lines 236--236
[]\TU/TimesNewRoman(0)/m/n/12 Table 3: []Contagion intensity $[]$ from Eq. ([]5
[]):
 []


Underfull \vbox (badness 2922) has occurred while \output is active []



File: figures_col/fig_svb_crisis_zoom.png Graphic file (type bmp)
<figures_col/fig_svb_crisis_zoom.png>
File: figures_col/fig_cross_exchange_basis.png Graphic file (type bmp)
<figures_col/fig_cross_exchange_basis.png>

Underfull \vbox (badness 10000) has occurred while \output is active []



[5]
Underfull \hbox (badness 4416) in paragraph at lines 277--278
\TU/TimesNewRoman(0)/m/n/12 a USD-based arbitrage requires an additional
 []


Underfull \hbox (badness 1655) in paragraph at lines 277--278
\TU/TimesNewRoman(0)/m/n/12 tight integration. Coinbase–Kraken BTC/USD
 []




Underfull \hbox (badness 1490) in paragraph at lines 282--283
\TU/TimesNewRoman(0)/m/n/12 raises the question of whether liquidity condi-
 []

File: figures_col/fig_liquidity_roll_amihud.png Graphic file (type bmp)
<figures_col/fig_liquidity_roll_amihud.png>

Underfull \vbox (badness 10000) has occurred while \output is active []



[6]
Underfull \hbox (badness 1603) in paragraph at lines 311--312
[]\TU/TimesNewRoman(0)/m/n/12 Daily dollar-volume depth proxies (Table []5[])
 []


Underfull \hbox (badness 1097) in paragraph at lines 335--335
[]\TU/TimesNewRoman(0)/m/n/12 Table 6: []HAC regressions of Kraken adjusted
 []


Underfull \hbox (badness 1337) in paragraph at lines 359--360
[]\TU/TimesNewRoman(0)/m/n/12 Figure []9[] shows daily volume fragmentation:
 []

File: figures_col/fig_volume_share.png Graphic file (type bmp)
<figures_col/fig_volume_share.png>

Underfull \vbox (badness 10000) has occurred while \output is active []




Underfull \hbox (badness 3780) in paragraph at lines 369--370
[]\TU/TimesNewRoman(0)/m/n/12 Realized volatility (Figure []10[]) reveals pro-
 []

File: figures_col/fig_realized_volatility.png Graphic file (type bmp)
<figures_col/fig_realized_volatility.png>

Underfull \hbox (badness 2452) in paragraph at lines 375--375
[]\TU/TimesNewRoman(0)/m/n/12 Figure 10: []Hourly realized volatility (60-min
 []

File: figures_col/fig_tail_blowout_kde.png Graphic file (type bmp)
<figures_col/fig_tail_blowout_kde.png>

Underfull \vbox (badness 10000) has occurred while \output is active []



[7]
File: figures_col/fig_correlation_regime_heatmap.png Graphic file (type bmp)
<figures_col/fig_correlation_regime_heatmap.png>

Underfull \hbox (badness 1005) in paragraph at lines 400--401
\OML/cmm/m/it/12 B[]$ \TU/TimesNewRoman(0)/m/n/12 ($\OML/cmm/m/it/12 F[]\OT1/cm
r/m/n/12 230$\TU/TimesNewRoman(0)/m/n/12 ), and AR(1) dynamics ($\OML/cmm/m/it/
12 F[]\OT1/cmr/m/n/12 71$\TU/TimesNewRoman(0)/m/n/12 ; all
 []




Overfull \hbox (20.30956pt too wide) in paragraph at lines 407--419
[][] 
 []


Underfull \hbox (badness 1199) in paragraph at lines 421--422
[]\TU/TimesNewRoman(0)/m/n/12 Figure []12[] visualizes the decorrelation across

 []


Underfull \hbox (badness 1052) in paragraph at lines 421--422
\TU/TimesNewRoman(0)/m/n/12 partially recover post-SVB ($\OT1/cmr/m/n/12 0\OML/
cmm/m/it/12 :\OT1/cmr/m/n/12 38$\TU/TimesNewRoman(0)/m/n/12 ), while cross-
 []


Underfull \hbox (badness 10000) in paragraph at lines 424--425
\TU/TimesNewRoman(0)/m/n/12 Given the liquidity asymmetry documented
 []


Underfull \hbox (badness 1072) in paragraph at lines 424--425
\TU/TimesNewRoman(0)/m/n/12 price discovery occurs across these fragmented
 []


Underfull \hbox (badness 10000) in paragraph at lines 444--445
[]\TU/TimesNewRoman(0)/m/n/12 Table []8[] shows Kraken BTC/USD vs.
 []


Underfull \hbox (badness 2057) in paragraph at lines 444--445
\TU/TimesNewRoman(0)/m/n/12 midpoint $[]$—BTC/USD accounts for $[]\OT1/cmr/m/n/
12 73[]$
 []


Underfull \hbox (badness 5050) in paragraph at lines 444--445
\TU/TimesNewRoman(0)/m/n/12 Residual correlation $\OT1/cmr/m/n/12 0\OML/cmm/m/i
t/12 :\OT1/cmr/m/n/12 889$ \TU/TimesNewRoman(0)/m/n/12 confirms high co-
 []


Underfull \hbox (badness 3815) in paragraph at lines 446--447
\TU/TimesNewRoman(0)/m/n/12 tions from a bivariate VAR on 1-minute re-
 []



[8]
File: figures_col/fig_var_irf.png Graphic file (type bmp)
<figures_col/fig_var_irf.png>

Underfull \hbox (badness 1043) in paragraph at lines 451--451
[]\TU/TimesNewRoman(0)/m/n/12 Figure 13: []Orthogonalized IRF from VAR(10)
 []


Underfull \hbox (badness 10000) in paragraph at lines 451--451
\TU/TimesNewRoman(0)/m/n/12 on Kraken BTC/USD and BTC/USDC re-
 []


Underfull \hbox (badness 2932) in paragraph at lines 451--451
\TU/TimesNewRoman(0)/m/n/12 turns (bps). (B) USDC$\OMS/cmsy/m/n/12 !$\TU/TimesN
ewRoman(0)/m/n/12 USD: insignificant.
 []


Underfull \hbox (badness 4181) in paragraph at lines 455--456
[]\TU/TimesNewRoman(0)/m/n/12 BH/FDR-corrected Granger tests on returns
 []


Underfull \hbox (badness 10000) in paragraph at lines 455--456
\TU/TimesNewRoman(0)/m/n/12 provide secondary evidence: BTC/USD $\OMS/cmsy/m/n/
12 !$
 []


Underfull \hbox (badness 5504) in paragraph at lines 455--456
\TU/TimesNewRoman(0)/m/n/12 consistent with fiat-to-stablecoin price adjust-
 []


Underfull \hbox (badness 1199) in paragraph at lines 458--459
\TU/TimesNewRoman(0)/m/n/12 Having established that price discovery resides
 []


Underfull \hbox (badness 1917) in paragraph at lines 458--459
\TU/TimesNewRoman(0)/m/n/12 whether the documented dislocations offer ex-
 []


Underfull \hbox (badness 1314) in paragraph at lines 458--459
\TU/TimesNewRoman(0)/m/n/12 funded buy/sell for cross-exchange—under two
 []



File: figures_col/fig_arbitrage_after_fees.png Graphic file (type bmp)
<figures_col/fig_arbitrage_after_fees.png>

Underfull \vbox (badness 10000) has occurred while \output is active []



[9]
Underfull \hbox (badness 1205) in paragraph at lines 506--507
\TU/TimesNewRoman(0)/m/n/12 mensions of this chain; we map provisions to
 []


Underfull \hbox (badness 2799) in paragraph at lines 506--507
\TU/TimesNewRoman(0)/m/n/12 risk ($\OT1/cmr/m/n/12 81\OML/cmm/m/it/12 :\OT1/cmr
/m/n/12 4$ \TU/TimesNewRoman(0)/m/n/12 vs. $\OT1/cmr/m/n/12 13\OML/cmm/m/it/12 
:\OT1/cmr/m/n/12 6$ \TU/TimesNewRoman(0)/m/n/12 bps). (iv) \TU/TimesNewRoman(0)
/m/it/12 Transparency\TU/TimesNewRoman(0)/m/n/12 :
 []


Underfull \hbox (badness 1147) in paragraph at lines 524--524
[]|\TU/TimesNewRoman(0)/m/n/10 Reserve composition + redemp-
 []


Underfull \hbox (badness 1147) in paragraph at lines 524--524
[]|\TU/TimesNewRoman(0)/m/n/10 Reserve composition + redemp-
 []


Underfull \hbox (badness 1147) in paragraph at lines 524--524
[]|\TU/TimesNewRoman(0)/m/n/10 Reserve composition + redemp-
 []


Underfull \hbox (badness 1147) in paragraph at lines 524--524
[]|\TU/TimesNewRoman(0)/m/n/10 Reserve composition + redemp-
 []


Underfull \hbox (badness 6188) in paragraph at lines 527--528
[]\TU/TimesNewRoman(0)/m/n/12 Persistent cross-exchange deviations ($\OT1/cmr/m
/n/12 +2\OML/cmm/m/it/12 :\OT1/cmr/m/n/12 18$
 []




Underfull \hbox (badness 1092) in paragraph at lines 533--534
\TU/TimesNewRoman(0)/m/n/12 crisis ($\OML/cmm/m/it/12 p[]\OT1/cmr/m/n/12 0\OML/
cmm/m/it/12 :\OT1/cmr/m/n/12 001$\TU/TimesNewRoman(0)/m/n/12 ) but not pre-SVB,
 with USDC
 []


Underfull \hbox (badness 1072) in paragraph at lines 535--536
\TU/TimesNewRoman(0)/m/n/12 this failure chain. Because dislocation resides
 []


Underfull \hbox (badness 1348) in paragraph at lines 535--536
\TU/TimesNewRoman(0)/m/n/12 basis through the $\OML/cmm/m/it/12 ^^U$ \TU/TimesN
ewRoman(0)/m/n/12 channel, reforms reducing
 []


Underfull \hbox (badness 10000) in paragraph at lines 537--539
[] \TU/TimesNewRoman(0)/b/n/12 Interpretation boundaries. \TU/TimesNewRoman(0)/
m/n/12 This evidence is
 []


Underfull \hbox (badness 10000) in paragraph at lines 537--539
[]$ \TU/TimesNewRoman(0)/m/n/12 measures Granger-predictive transmission,
 []


Underfull \hbox (badness 2443) in paragraph at lines 537--539
\TU/TimesNewRoman(0)/m/n/12 not structural causation. Policy passages are
 []


Underfull \hbox (badness 2617) in paragraph at lines 537--539
\TU/TimesNewRoman(0)/m/n/12 sampling; (iv) cointegration is rank-stable for
 []


Underfull \vbox (badness 6842) has occurred while \output is active []



[10]



[11

] (./IAQF_column_Final.aux)
 ***********
LaTeX2e <2024-11-01> patch level 2
L3 programming layer <2025-01-18>
 ***********
Package rerunfilecheck Info: File `IAQF_column_Final.out' has not changed.
(rerunfilecheck)             Checksum: 3D7D7A38BC00D9A78F64912B3B51F93E;2650.
 ) 
Here is how much of TeX's memory you used:
 13137 strings out of 473832
 255963 string characters out of 5729481
 714447 words of memory out of 5000000
 36003 multiletter control sequences out of 15000+600000
 568906 words of font info for 109 fonts, out of 8000000 for 9000
 1348 hyphenation exceptions out of 8191
 79i,14n,93p,1507b,442s stack positions out of 10000i,1000n,20000p,200000b,200000s

Output written on IAQF_column_Final.pdf (11 pages).
